<?xml version="1.0" encoding="UTF-8"?>
<testsuite xmlns:xsi="http://www.w3.org/2001/XMLSchema-instance" xsi:noNamespaceSchemaLocation="https://maven.apache.org/surefire/maven-surefire-plugin/xsd/surefire-test-report.xsd" name="TestSuite" time="199.874" tests="2" errors="0" skipped="0" failures="2">
  <properties>
[...]
</properties>
  <testcase name="creationOfAnApplicationAndIssuanceOfComprehensive4in1ContractTest" classname="com.demo.login.AddingAnAssetGroupFromATemplateTest" time="49.08">
    <failure message="Element not found {By.id: ConfirmPassword}&#10;Expected: visible&#10;Screenshot: file:/Users/max_horokhov/Desktop/Projects/Archive/build/reports/tests/1691766307220.0.png&#10;Timeout: 18 s.&#10;Caused by: NoSuchElementException: no such element: Unable to locate element: {&quot;method&quot;:&quot;css selector&quot;,&quot;selector&quot;:&quot;#ConfirmPassword&quot;}" type="Element not found {By.id">Element not found {By.id: ConfirmPassword}
Expected: visible
Screenshot: file:/Users/max_horokhov/Desktop/Projects/Archive/build/reports/tests/1691766307220.0.png
Timeout: 18 s.
Caused by: NoSuchElementException: no such element: Unable to locate element: {"method":"css selector","selector":"#ConfirmPassword"}
	at com.codeborne.selenide.impl.WebElementSource.createElementNotFoundError(WebElementSource.java:83)
	at com.codeborne.selenide.impl.ElementFinder.createElementNotFoundError(ElementFinder.java:136)
	at com.codeborne.selenide.impl.WebElementSource.checkCondition(WebElementSource.java:114)
	at com.codeborne.selenide.commands.Should.execute(Should.java:30)
	at com.codeborne.selenide.commands.Should.execute(Should.java:14)
	at com.codeborne.selenide.commands.Commands.execute(Commands.java:155)
	at com.codeborne.selenide.impl.SelenideElementProxy.dispatchAndRetry(SelenideElementProxy.java:128)
	at com.codeborne.selenide.impl.SelenideElementProxy.invoke(SelenideElementProxy.java:80)
	at jdk.proxy2/jdk.proxy2.$Proxy20.shouldBe(Unknown Source)
	at com.demo.core.base.PageTools.shouldBe(PageTools.java:60)
	at com.demo.core.base.PageTools.waitForElementVisibility(PageTools.java:200)
	at com.demo.pages.RegistrationPage.enterConfirmPassword(RegistrationPage.java:43)
	at com.demo.actions.RegistrationActions.fulfilRegistrationFields(RegistrationActions.java:21)
	at com.demo.actions.RegistrationActions.registrationOfNewUser(RegistrationActions.java:12)
	at com.demo.login.AddingAnAssetGroupFromATemplateTest.creationOfAnApplicationAndIssuanceOfComprehensive4in1ContractTest(AddingAnAssetGroupFromATemplateTest.java:21)
	at java.base/jdk.internal.reflect.DirectMethodHandleAccessor.invoke(DirectMethodHandleAccessor.java:104)
	at java.base/java.lang.reflect.Method.invoke(Method.java:578)
	at org.testng.internal.MethodInvocationHelper.invokeMethod(MethodInvocationHelper.java:133)
	at org.testng.internal.TestInvoker.invokeMethod(TestInvoker.java:584)
	at org.testng.internal.TestInvoker.invokeTestMethod(TestInvoker.java:172)
	at org.testng.internal.MethodRunner.runInSequence(MethodRunner.java:46)
	at org.testng.internal.TestInvoker$MethodInvocationAgent.invoke(TestInvoker.java:804)
	at org.testng.internal.TestInvoker.invokeTestMethods(TestInvoker.java:145)
	at org.testng.internal.TestMethodWorker.invokeTestMethods(TestMethodWorker.java:146)
	at org.testng.internal.TestMethodWorker.run(TestMethodWorker.java:128)
	at java.base/java.util.concurrent.ThreadPoolExecutor.runWorker(ThreadPoolExecutor.java:1144)
	at java.base/java.util.concurrent.ThreadPoolExecutor$Worker.run(ThreadPoolExecutor.java:642)
	at java.base/java.lang.Thread.run(Thread.java:1623)
Caused by: org.openqa.selenium.NoSuchElementException: no such element: Unable to locate element: {"method":"css selector","selector":"#ConfirmPassword"}
  (Session info: chrome=115.0.5790.170)
For documentation on this error, please visit: https://www.seleniumhq.org/exceptions/no_such_element.html
Build info: version: '3.141.59', revision: 'e82be7d358', time: '2018-11-14T08:17:03'
System info: host: 'Maxs-MBP', ip: 'fe80:0:0:0:4cd:f466:9f58:ae9c%en0', os.name: 'Mac OS X', os.arch: 'aarch64', os.version: '13.4.1', java.version: '20.0.1'
Driver info: org.openqa.selenium.chrome.ChromeDriver
Capabilities {acceptInsecureCerts: true, browserName: chrome, browserVersion: 115.0.5790.170, chrome: {chromedriverVersion: 115.0.5790.170 (cc0d30c2ca5..., userDataDir: /var/folders/y8/hyv82j656hb...}, goog:chromeOptions: {debuggerAddress: localhost:52449}, javascriptEnabled: true, networkConnectionEnabled: false, pageLoadStrategy: eager, platform: MAC, platformName: MAC, proxy: Proxy(), setWindowRect: true, strictFileInteractability: false, timeouts: {implicit: 0, pageLoad: 300000, script: 30000}, unhandledPromptBehavior: dismiss and notify, webauthn:extension:credBlob: true, webauthn:extension:largeBlob: true, webauthn:extension:minPinLength: true, webauthn:extension:prf: true, webauthn:virtualAuthenticators: true}
Session ID: d767cdaec07c64ed63d00a6d92f4c248
*** Element info: {Using=id, value=ConfirmPassword}
	at java.base/jdk.internal.reflect.DirectConstructorHandleAccessor.newInstance(DirectConstructorHandleAccessor.java:67)
	at java.base/java.lang.reflect.Constructor.newInstanceWithCaller(Constructor.java:500)
	at java.base/java.lang.reflect.Constructor.newInstance(Constructor.java:484)
	at org.openqa.selenium.remote.http.W3CHttpResponseCodec.createException(W3CHttpResponseCodec.java:187)
	at org.openqa.selenium.remote.http.W3CHttpResponseCodec.decode(W3CHttpResponseCodec.java:122)
	at org.openqa.selenium.remote.http.W3CHttpResponseCodec.decode(W3CHttpResponseCodec.java:49)
	at org.openqa.selenium.remote.HttpCommandExecutor.execute(HttpCommandExecutor.java:158)
	at org.openqa.selenium.remote.service.DriverCommandExecutor.execute(DriverCommandExecutor.java:83)
	at org.openqa.selenium.remote.RemoteWebDriver.execute(RemoteWebDriver.java:552)
	at org.openqa.selenium.remote.RemoteWebDriver.findElement(RemoteWebDriver.java:323)
	at org.openqa.selenium.remote.RemoteWebDriver.findElementById(RemoteWebDriver.java:372)
	at org.openqa.selenium.By$ById.findElement(By.java:188)
	at org.openqa.selenium.remote.RemoteWebDriver.findElement(RemoteWebDriver.java:315)
	at com.codeborne.selenide.impl.WebElementSelector.findElement(WebElementSelector.java:59)
	at com.codeborne.selenide.impl.WebElementSelector.findElement(WebElementSelector.java:34)
	at com.codeborne.selenide.impl.ElementFinder.getWebElement(ElementFinder.java:104)
	at com.codeborne.selenide.impl.WebElementSource.checkCondition(WebElementSource.java:99)
	... 25 more
</failure>
    <system-out><![CDATA[18:04:08 | INFO | ComparingAGivenBookWithTheFirstPageInAmazon:28 | Creating web driver configuration...
18:04:08 | INFO | AddingAnAssetGroupFromATemplateTest:28   | Creating web driver configuration...
18:04:08 | INFO | AddingAnAssetGroupFromATemplateTest:28   | Open browser...
18:04:08 | INFO | ComparingAGivenBookWithTheFirstPageInAmazon:28 | Open browser...
18:04:08 | INFO | WebDriverThreadLocalContainer:138        | No webdriver is bound to current thread: 29 - let's create a new webdriver
18:04:08 | INFO | WebDriverThreadLocalContainer:138        | No webdriver is bound to current thread: 30 - let's create a new webdriver
18:04:08 | INFO | FileHelper:56                            | Creating folder: /Users/max_horokhov/Desktop/Projects/Archive/build/downloads/1691766248624_43098_30
18:04:08 | INFO | FileHelper:56                            | Creating folder: /Users/max_horokhov/Desktop/Projects/Archive/build/downloads/1691766248624_43098_29
18:04:09 | ERROR | HttpClient:152                           | Error HTTP 404 executing https://chromedriver.storage.googleapis.com/LATEST_RELEASE_115
18:04:09 | WARN | VersionDetector:159                      | Exception reading https://chromedriver.storage.googleapis.com/LATEST_RELEASE_115 to get latest version of chromedriver (Error HTTP 404 executing https://chromedriver.storage.googleapis.com/LATEST_RELEASE_115)
18:04:09 | INFO | WebDriverManager:662                     | Exporting webdriver.chrome.driver as /Users/max_horokhov/.cache/selenium/chromedriver/mac64/114.0.5735.90/chromedriver
18:04:09 | ERROR | HttpClient:152                           | Error HTTP 404 executing https://chromedriver.storage.googleapis.com/LATEST_RELEASE_115
18:04:09 | WARN | VersionDetector:159                      | Exception reading https://chromedriver.storage.googleapis.com/LATEST_RELEASE_115 to get latest version of chromedriver (Error HTTP 404 executing https://chromedriver.storage.googleapis.com/LATEST_RELEASE_115)
18:04:09 | INFO | WebDriverManager:662                     | Exporting webdriver.chrome.driver as /Users/max_horokhov/.cache/selenium/chromedriver/mac64/114.0.5735.90/chromedriver
18:04:13 | INFO | WebDriverFactory:135                     | BrowserName=chrome Version=115.0.5790.170 Platform=MAC
18:04:13 | INFO | WebDriverFactory:78                      | Selenide v. 5.19.0
18:04:13 | INFO | WebDriverFactory:129                     | Selenium WebDriver v. 3.141.59 build time: 2018-11-14T08:17:03
18:04:13 | INFO | CreateDriverCommand:70                   | Create webdriver in current thread 30: ChromeDriver -> ChromeDriver: chrome on MAC (d767cdaec07c64ed63d00a6d92f4c248)
18:04:14 | INFO | WebDriverFactory:135                     | BrowserName=chrome Version=115.0.5790.170 Platform=MAC
18:04:14 | INFO | WebDriverFactory:78                      | Selenide v. 5.19.0
18:04:14 | INFO | WebDriverFactory:129                     | Selenium WebDriver v. 3.141.59 build time: 2018-11-14T08:17:03
18:04:14 | INFO | CreateDriverCommand:70                   | Create webdriver in current thread 29: ChromeDriver -> ChromeDriver: chrome on MAC (2b48a2ae0347bc27a9f40214745c04bb)
18:04:17 | INFO | TestListener:18                          | STARTED test: creationOfAnApplicationAndIssuanceOfComprehensive4in1ContractTest
18:04:18 | INFO | TestListener:18                          | STARTED test: bookInTheListVerification
18:04:18 | INFO | SelenideTools:52                         | Opening url 'https://www.amazon.com/'
18:04:21 | INFO | AmazonHomePage:28                        | Choose filter option --> Books, element --> By.xpath: //select[@id='searchDropdownBox']
18:04:25 | INFO | EmailPage:28                             | Get email, element --> By.id: fe_text
18:04:28 | INFO | AmazonHomePage:28                        | Search for item 'Java
18:04:29 | INFO | AmazonHomePage:28                        | Search for item, element --> By.id: nav-search-submit-button
18:04:36 | INFO | AmazonBookList:28                        | Check every product stats, elements --> By.xpath: (//a[@class='a-link-normal s-no-outline'])[1]
18:04:36 | INFO | AmazonBookList:28                        | Check every product stats, element --> By.xpath: (//a[@class='a-link-normal s-no-outline'])[1]
18:04:44 | INFO | VisitPage:28                             | Click on registration button, element --> By.xpath: //a[contains(@class, 'Login-create')]
18:04:45 | INFO | AmazonBookList:28                        | Check every product stats, elements --> By.xpath: (//a[@class='a-link-normal s-no-outline'])[2]
18:04:45 | INFO | AmazonBookList:28                        | Check every product stats, element --> By.xpath: (//a[@class='a-link-normal s-no-outline'])[2]
18:04:45 | INFO | RegistrationPage:28                      | Enter first name 'Test
18:04:46 | INFO | RegistrationPage:28                      | Enter last name 'Test
18:04:46 | INFO | RegistrationPage:28                      | Enter email address 'hce84461@yuoia.com
18:04:46 | INFO | RegistrationPage:28                      | Enter phone number '+380 279960013
18:04:46 | INFO | RegistrationPage:28                      | Enter password '12345617891
18:04:51 | INFO | AmazonBookList:28                        | Check every product stats, elements --> By.xpath: (//a[@class='a-link-normal s-no-outline'])[3]
18:05:02 | INFO | AmazonBookList:28                        | Check every product stats, element --> By.xpath: (//a[@class='a-link-normal s-no-outline'])[3]
18:05:07 | ERROR | TestListener:28                          | FAILED test: creationOfAnApplicationAndIssuanceOfComprehensive4in1ContractTest
]]></system-out>
    <system-err><![CDATA[ChromeDriver was started successfully.
ChromeDriver was started successfully.
Aug 11, 2023 6:04:13 PM org.openqa.selenium.remote.ProtocolHandshake createSession
INFO: Detected dialect: W3C
Aug 11, 2023 6:04:14 PM org.openqa.selenium.remote.ProtocolHandshake createSession
INFO: Detected dialect: W3C
]]></system-err>
  </testcase>
  <testcase name="bookInTheListVerification" classname="com.demo.login.ComparingAGivenBookWithTheFirstPageInAmazon" time="189.72">
    <failure message="disconnected: not connected to DevTools&#10;  (failed to check if window was closed: disconnected: not connected to DevTools)&#10;  (Session info: chrome=115.0.5790.170)&#10;Build info: version: &apos;3.141.59&apos;, revision: &apos;e82be7d358&apos;, time: &apos;2018-11-14T08:17:03&apos;&#10;System info: host: &apos;Maxs-MBP&apos;, ip: &apos;fe80:0:0:0:4cd:f466:9f58:ae9c%en0&apos;, os.name: &apos;Mac OS X&apos;, os.arch: &apos;aarch64&apos;, os.version: &apos;13.4.1&apos;, java.version: &apos;20.0.1&apos;&#10;Driver info: org.openqa.selenium.chrome.ChromeDriver&#10;Capabilities {acceptInsecureCerts: true, browserName: chrome, browserVersion: 115.0.5790.170, chrome: {chromedriverVersion: 115.0.5790.170 (cc0d30c2ca5..., userDataDir: /var/folders/y8/hyv82j656hb...}, goog:chromeOptions: {debuggerAddress: localhost:52452}, javascriptEnabled: true, networkConnectionEnabled: false, pageLoadStrategy: eager, platform: MAC, platformName: MAC, proxy: Proxy(), setWindowRect: true, strictFileInteractability: false, timeouts: {implicit: 0, pageLoad: 300000, script: 30000}, unhandledPromptBehavior: dismiss and notify, webauthn:extension:credBlob: true, webauthn:extension:largeBlob: true, webauthn:extension:minPinLength: true, webauthn:extension:prf: true, webauthn:virtualAuthenticators: true}&#10;Session ID: 2b48a2ae0347bc27a9f40214745c04bb&#10;*** Element info: {Using=xpath, value=//div[@data-component-type=&apos;s-search-result&apos;]}" type="org.openqa.selenium.WebDriverException">org.openqa.selenium.WebDriverException: 
disconnected: not connected to DevTools
  (failed to check if window was closed: disconnected: not connected to DevTools)
  (Session info: chrome=115.0.5790.170)
Build info: version: '3.141.59', revision: 'e82be7d358', time: '2018-11-14T08:17:03'
System info: host: 'Maxs-MBP', ip: 'fe80:0:0:0:4cd:f466:9f58:ae9c%en0', os.name: 'Mac OS X', os.arch: 'aarch64', os.version: '13.4.1', java.version: '20.0.1'
Driver info: org.openqa.selenium.chrome.ChromeDriver
Capabilities {acceptInsecureCerts: true, browserName: chrome, browserVersion: 115.0.5790.170, chrome: {chromedriverVersion: 115.0.5790.170 (cc0d30c2ca5..., userDataDir: /var/folders/y8/hyv82j656hb...}, goog:chromeOptions: {debuggerAddress: localhost:52452}, javascriptEnabled: true, networkConnectionEnabled: false, pageLoadStrategy: eager, platform: MAC, platformName: MAC, proxy: Proxy(), setWindowRect: true, strictFileInteractability: false, timeouts: {implicit: 0, pageLoad: 300000, script: 30000}, unhandledPromptBehavior: dismiss and notify, webauthn:extension:credBlob: true, webauthn:extension:largeBlob: true, webauthn:extension:minPinLength: true, webauthn:extension:prf: true, webauthn:virtualAuthenticators: true}
Session ID: 2b48a2ae0347bc27a9f40214745c04bb
*** Element info: {Using=xpath, value=//div[@data-component-type='s-search-result']}
	at java.base/jdk.internal.reflect.DirectConstructorHandleAccessor.newInstance(DirectConstructorHandleAccessor.java:67)
	at java.base/java.lang.reflect.Constructor.newInstanceWithCaller(Constructor.java:500)
	at java.base/java.lang.reflect.Constructor.newInstance(Constructor.java:484)
	at org.openqa.selenium.remote.http.W3CHttpResponseCodec.createException(W3CHttpResponseCodec.java:187)
	at org.openqa.selenium.remote.http.W3CHttpResponseCodec.decode(W3CHttpResponseCodec.java:122)
	at org.openqa.selenium.remote.http.W3CHttpResponseCodec.decode(W3CHttpResponseCodec.java:49)
	at org.openqa.selenium.remote.HttpCommandExecutor.execute(HttpCommandExecutor.java:158)
	at org.openqa.selenium.remote.service.DriverCommandExecutor.execute(DriverCommandExecutor.java:83)
	at org.openqa.selenium.remote.RemoteWebDriver.execute(RemoteWebDriver.java:552)
	at org.openqa.selenium.remote.RemoteWebDriver.findElements(RemoteWebDriver.java:353)
	at org.openqa.selenium.remote.RemoteWebDriver.findElementsByXPath(RemoteWebDriver.java:432)
	at org.openqa.selenium.By$ByXPath.findElements(By.java:348)
	at org.openqa.selenium.remote.RemoteWebDriver.findElements(RemoteWebDriver.java:311)
	at com.codeborne.selenide.impl.WebElementSelector.findElements(WebElementSelector.java:65)
	at com.codeborne.selenide.impl.WebElementSelector.findElements(WebElementSelector.java:50)
	at com.codeborne.selenide.impl.BySelectorCollection.getElements(BySelectorCollection.java:40)
	at com.codeborne.selenide.ElementsCollection.getElements(ElementsCollection.java:293)
	at com.codeborne.selenide.ElementsCollection.size(ElementsCollection.java:421)
	at com.demo.pages.AmazonBookList.checkEveryProductStats(AmazonBookList.java:21)
	at com.demo.login.ComparingAGivenBookWithTheFirstPageInAmazon.bookInTheListVerification(ComparingAGivenBookWithTheFirstPageInAmazon.java:16)
	at java.base/jdk.internal.reflect.DirectMethodHandleAccessor.invoke(DirectMethodHandleAccessor.java:104)
	at java.base/java.lang.reflect.Method.invoke(Method.java:578)
	at org.testng.internal.MethodInvocationHelper.invokeMethod(MethodInvocationHelper.java:133)
	at org.testng.internal.TestInvoker.invokeMethod(TestInvoker.java:584)
	at org.testng.internal.TestInvoker.invokeTestMethod(TestInvoker.java:172)
	at org.testng.internal.MethodRunner.runInSequence(MethodRunner.java:46)
	at org.testng.internal.TestInvoker$MethodInvocationAgent.invoke(TestInvoker.java:804)
	at org.testng.internal.TestInvoker.invokeTestMethods(TestInvoker.java:145)
	at org.testng.internal.TestMethodWorker.invokeTestMethods(TestMethodWorker.java:146)
	at org.testng.internal.TestMethodWorker.run(TestMethodWorker.java:128)
	at java.base/java.util.concurrent.ThreadPoolExecutor.runWorker(ThreadPoolExecutor.java:1144)
	at java.base/java.util.concurrent.ThreadPoolExecutor$Worker.run(ThreadPoolExecutor.java:642)
	at java.base/java.lang.Thread.run(Thread.java:1623)
</failure>
    <system-out><![CDATA[18:05:07 | INFO | CloseDriverCommand:30                    | Close webdriver: 30 -> ChromeDriver: chrome on MAC (d767cdaec07c64ed63d00a6d92f4c248)...
18:05:07 | INFO | CloseDriverCommand:32                    | Closed webdriver 30 in 95 ms
18:05:07 | INFO | AddingAnAssetGroupFromATemplateTest:28   | Web driver closed!
18:05:16 | INFO | AmazonBookList:28                        | Check every product stats, elements --> By.xpath: (//a[@class='a-link-normal s-no-outline'])[4]
18:05:16 | INFO | AmazonBookList:28                        | Check every product stats, element --> By.xpath: (//a[@class='a-link-normal s-no-outline'])[4]
18:05:34 | INFO | AmazonBookList:28                        | Check every product stats, elements --> By.xpath: (//a[@class='a-link-normal s-no-outline'])[5]
18:05:34 | INFO | AmazonBookList:28                        | Check every product stats, element --> By.xpath: (//a[@class='a-link-normal s-no-outline'])[5]
18:05:49 | INFO | AmazonBookList:28                        | Check every product stats, elements --> By.xpath: (//a[@class='a-link-normal s-no-outline'])[6]
18:05:50 | INFO | AmazonBookList:28                        | Check every product stats, element --> By.xpath: (//a[@class='a-link-normal s-no-outline'])[6]
18:06:02 | INFO | AmazonBookList:28                        | Check every product stats, elements --> By.xpath: (//a[@class='a-link-normal s-no-outline'])[7]
18:06:12 | INFO | AmazonBookList:28                        | Check every product stats, element --> By.xpath: (//a[@class='a-link-normal s-no-outline'])[7]
18:06:43 | INFO | AmazonBookList:28                        | Check every product stats, elements --> By.xpath: (//a[@class='a-link-normal s-no-outline'])[8]
18:06:46 | INFO | AmazonBookList:28                        | Check every product stats, element --> By.xpath: (//a[@class='a-link-normal s-no-outline'])[8]
18:07:11 | INFO | AmazonBookList:28                        | Check every product stats, elements --> By.xpath: (//a[@class='a-link-normal s-no-outline'])[9]
18:07:12 | INFO | AmazonBookList:28                        | Check every product stats, element --> By.xpath: (//a[@class='a-link-normal s-no-outline'])[9]
18:07:28 | ERROR | TestListener:28                          | FAILED test: bookInTheListVerification
]]></system-out>
  </testcase>
</testsuite>